[2020-07-16 14:37:09.610] [exthost] [info] extension host started
[2020-07-16 14:37:09.636] [exthost] [info] ExtensionService#_doActivateExtension vscode.debug-auto-launch {"startup":true,"extensionId":{"value":"vscode.debug-auto-launch","_lower":"vscode.debug-auto-launch"},"activationEvent":"*"}
[2020-07-16 14:37:09.637] [exthost] [info] ExtensionService#loadCommonJSModule file:///snap/code/37/usr/share/code/resources/app/extensions/debug-auto-launch/dist/extension
[2020-07-16 14:37:09.642] [exthost] [info] ExtensionService#_doActivateExtension vscode.emmet {"startup":true,"extensionId":{"value":"vscode.emmet","_lower":"vscode.emmet"},"activationEvent":"*"}
[2020-07-16 14:37:09.642] [exthost] [info] ExtensionService#loadCommonJSModule file:///snap/code/37/usr/share/code/resources/app/extensions/emmet/dist/extension
[2020-07-16 14:37:09.666] [exthost] [info] ExtensionService#_doActivateExtension vscode.git {"startup":true,"extensionId":{"value":"vscode.github","_lower":"vscode.github"},"activationEvent":"*"}
[2020-07-16 14:37:09.666] [exthost] [info] ExtensionService#loadCommonJSModule file:///snap/code/37/usr/share/code/resources/app/extensions/git/dist/main
[2020-07-16 14:37:09.713] [exthost] [info] ExtensionService#_doActivateExtension vscode.github-authentication {"startup":true,"extensionId":{"value":"vscode.github-authentication","_lower":"vscode.github-authentication"},"activationEvent":"*"}
[2020-07-16 14:37:09.714] [exthost] [info] ExtensionService#loadCommonJSModule file:///snap/code/37/usr/share/code/resources/app/extensions/github-authentication/dist/extension.js
[2020-07-16 14:37:09.729] [exthost] [info] ExtensionService#_doActivateExtension vscode.merge-conflict {"startup":true,"extensionId":{"value":"vscode.merge-conflict","_lower":"vscode.merge-conflict"},"activationEvent":"*"}
[2020-07-16 14:37:09.729] [exthost] [info] ExtensionService#loadCommonJSModule file:///snap/code/37/usr/share/code/resources/app/extensions/merge-conflict/dist/mergeConflictMain
[2020-07-16 14:37:09.733] [exthost] [info] ExtensionService#_doActivateExtension vscode.microsoft-authentication {"startup":true,"extensionId":{"value":"vscode.microsoft-authentication","_lower":"vscode.microsoft-authentication"},"activationEvent":"*"}
[2020-07-16 14:37:09.733] [exthost] [info] ExtensionService#loadCommonJSModule file:///snap/code/37/usr/share/code/resources/app/extensions/microsoft-authentication/dist/extension.js
[2020-07-16 14:37:09.744] [exthost] [info] ExtensionService#_doActivateExtension vscode.search-result {"startup":true,"extensionId":{"value":"vscode.search-result","_lower":"vscode.search-result"},"activationEvent":"*"}
[2020-07-16 14:37:09.744] [exthost] [info] ExtensionService#loadCommonJSModule file:///snap/code/37/usr/share/code/resources/app/extensions/search-result/dist/extension.js
[2020-07-16 14:37:09.745] [exthost] [info] ExtensionService#_doActivateExtension christian-kohler.path-intellisense {"startup":true,"extensionId":{"value":"christian-kohler.path-intellisense","_lower":"christian-kohler.path-intellisense"},"activationEvent":"*"}
[2020-07-16 14:37:09.745] [exthost] [info] ExtensionService#loadCommonJSModule file:///home/saadbenda/.vscode/extensions/christian-kohler.path-intellisense-2.2.1/out/extension.js
[2020-07-16 14:37:09.761] [exthost] [info] ExtensionService#_doActivateExtension EditorConfig.EditorConfig {"startup":true,"extensionId":{"value":"EditorConfig.EditorConfig","_lower":"editorconfig.editorconfig"},"activationEvent":"*"}
[2020-07-16 14:37:09.761] [exthost] [info] ExtensionService#loadCommonJSModule file:///home/saadbenda/.vscode/extensions/editorconfig.editorconfig-0.15.1/out/editorConfigMain.js
[2020-07-16 14:37:09.787] [exthost] [info] ExtensionService#_doActivateExtension esbenp.prettier-vscode {"startup":true,"extensionId":{"value":"esbenp.prettier-vscode","_lower":"esbenp.prettier-vscode"},"activationEvent":"*"}
[2020-07-16 14:37:09.787] [exthost] [info] ExtensionService#loadCommonJSModule file:///home/saadbenda/.vscode/extensions/esbenp.prettier-vscode-5.1.3/dist/extension
[2020-07-16 14:37:09.892] [exthost] [info] ExtensionService#_doActivateExtension formulahendry.auto-close-tag {"startup":true,"extensionId":{"value":"formulahendry.auto-close-tag","_lower":"formulahendry.auto-close-tag"},"activationEvent":"*"}
[2020-07-16 14:37:09.892] [exthost] [info] ExtensionService#loadCommonJSModule file:///home/saadbenda/.vscode/extensions/formulahendry.auto-close-tag-0.5.8/out/src/extension
[2020-07-16 14:37:09.893] [exthost] [info] ExtensionService#_doActivateExtension formulahendry.auto-rename-tag {"startup":true,"extensionId":{"value":"formulahendry.auto-rename-tag","_lower":"formulahendry.auto-rename-tag"},"activationEvent":"*"}
[2020-07-16 14:37:09.893] [exthost] [info] ExtensionService#loadCommonJSModule file:///home/saadbenda/.vscode/extensions/formulahendry.auto-rename-tag-0.1.4/packages/extension/dist/extensionMain.js
[2020-07-16 14:37:09.927] [exthost] [info] ExtensionService#_doActivateExtension infinity1207.angular2-switcher {"startup":true,"extensionId":{"value":"infinity1207.angular2-switcher","_lower":"infinity1207.angular2-switcher"},"activationEvent":"*"}
[2020-07-16 14:37:09.927] [exthost] [info] ExtensionService#loadCommonJSModule file:///home/saadbenda/.vscode/extensions/infinity1207.angular2-switcher-0.3.3/out/extension.js
[2020-07-16 14:37:09.931] [exthost] [info] ExtensionService#_doActivateExtension kiteco.kite {"startup":true,"extensionId":{"value":"kiteco.kite","_lower":"kiteco.kite"},"activationEvent":"*"}
[2020-07-16 14:37:09.931] [exthost] [info] ExtensionService#loadCommonJSModule file:///home/saadbenda/.vscode/extensions/kiteco.kite-0.119.0/dist/kite-extension
[2020-07-16 14:37:10.199] [exthost] [info] ExtensionService#_doActivateExtension vscode.github {"startup":true,"extensionId":{"value":"vscode.github","_lower":"vscode.github"},"activationEvent":"*"}
[2020-07-16 14:37:10.199] [exthost] [info] ExtensionService#loadCommonJSModule file:///snap/code/37/usr/share/code/resources/app/extensions/github/dist/extension.js
[2020-07-16 14:37:10.213] [exthost] [info] eager extensions activated
[2020-07-16 14:37:44.037] [exthost] [info] extension host started
[2020-07-16 14:37:44.057] [exthost] [info] ExtensionService#_doActivateExtension vscode.debug-auto-launch {"startup":true,"extensionId":{"value":"vscode.debug-auto-launch","_lower":"vscode.debug-auto-launch"},"activationEvent":"*"}
[2020-07-16 14:37:44.057] [exthost] [info] ExtensionService#loadCommonJSModule file:///snap/code/37/usr/share/code/resources/app/extensions/debug-auto-launch/dist/extension
[2020-07-16 14:37:44.060] [exthost] [info] ExtensionService#_doActivateExtension vscode.emmet {"startup":true,"extensionId":{"value":"vscode.emmet","_lower":"vscode.emmet"},"activationEvent":"*"}
[2020-07-16 14:37:44.060] [exthost] [info] ExtensionService#loadCommonJSModule file:///snap/code/37/usr/share/code/resources/app/extensions/emmet/dist/extension
[2020-07-16 14:37:44.072] [exthost] [info] ExtensionService#_doActivateExtension vscode.git {"startup":true,"extensionId":{"value":"vscode.github","_lower":"vscode.github"},"activationEvent":"*"}
[2020-07-16 14:37:44.072] [exthost] [info] ExtensionService#loadCommonJSModule file:///snap/code/37/usr/share/code/resources/app/extensions/git/dist/main
[2020-07-16 14:37:44.092] [exthost] [info] ExtensionService#_doActivateExtension vscode.github-authentication {"startup":true,"extensionId":{"value":"vscode.github-authentication","_lower":"vscode.github-authentication"},"activationEvent":"*"}
[2020-07-16 14:37:44.092] [exthost] [info] ExtensionService#loadCommonJSModule file:///snap/code/37/usr/share/code/resources/app/extensions/github-authentication/dist/extension.js
[2020-07-16 14:37:44.103] [exthost] [info] ExtensionService#_doActivateExtension vscode.merge-conflict {"startup":true,"extensionId":{"value":"vscode.merge-conflict","_lower":"vscode.merge-conflict"},"activationEvent":"*"}
[2020-07-16 14:37:44.103] [exthost] [info] ExtensionService#loadCommonJSModule file:///snap/code/37/usr/share/code/resources/app/extensions/merge-conflict/dist/mergeConflictMain
[2020-07-16 14:37:44.105] [exthost] [info] ExtensionService#_doActivateExtension vscode.microsoft-authentication {"startup":true,"extensionId":{"value":"vscode.microsoft-authentication","_lower":"vscode.microsoft-authentication"},"activationEvent":"*"}
[2020-07-16 14:37:44.105] [exthost] [info] ExtensionService#loadCommonJSModule file:///snap/code/37/usr/share/code/resources/app/extensions/microsoft-authentication/dist/extension.js
[2020-07-16 14:37:44.109] [exthost] [info] ExtensionService#_doActivateExtension vscode.search-result {"startup":true,"extensionId":{"value":"vscode.search-result","_lower":"vscode.search-result"},"activationEvent":"*"}
[2020-07-16 14:37:44.109] [exthost] [info] ExtensionService#loadCommonJSModule file:///snap/code/37/usr/share/code/resources/app/extensions/search-result/dist/extension.js
[2020-07-16 14:37:44.111] [exthost] [info] ExtensionService#_doActivateExtension christian-kohler.path-intellisense {"startup":true,"extensionId":{"value":"christian-kohler.path-intellisense","_lower":"christian-kohler.path-intellisense"},"activationEvent":"*"}
[2020-07-16 14:37:44.111] [exthost] [info] ExtensionService#loadCommonJSModule file:///home/saadbenda/.vscode/extensions/christian-kohler.path-intellisense-2.2.1/out/extension.js
[2020-07-16 14:37:44.123] [exthost] [info] ExtensionService#_doActivateExtension EditorConfig.EditorConfig {"startup":true,"extensionId":{"value":"EditorConfig.EditorConfig","_lower":"editorconfig.editorconfig"},"activationEvent":"*"}
[2020-07-16 14:37:44.123] [exthost] [info] ExtensionService#loadCommonJSModule file:///home/saadbenda/.vscode/extensions/editorconfig.editorconfig-0.15.1/out/editorConfigMain.js
[2020-07-16 14:37:44.145] [exthost] [info] ExtensionService#_doActivateExtension esbenp.prettier-vscode {"startup":true,"extensionId":{"value":"esbenp.prettier-vscode","_lower":"esbenp.prettier-vscode"},"activationEvent":"*"}
[2020-07-16 14:37:44.145] [exthost] [info] ExtensionService#loadCommonJSModule file:///home/saadbenda/.vscode/extensions/esbenp.prettier-vscode-5.1.3/dist/extension
[2020-07-16 14:37:44.224] [exthost] [info] ExtensionService#_doActivateExtension formulahendry.auto-close-tag {"startup":true,"extensionId":{"value":"formulahendry.auto-close-tag","_lower":"formulahendry.auto-close-tag"},"activationEvent":"*"}
[2020-07-16 14:37:44.224] [exthost] [info] ExtensionService#loadCommonJSModule file:///home/saadbenda/.vscode/extensions/formulahendry.auto-close-tag-0.5.8/out/src/extension
[2020-07-16 14:37:44.225] [exthost] [info] ExtensionService#_doActivateExtension formulahendry.auto-rename-tag {"startup":true,"extensionId":{"value":"formulahendry.auto-rename-tag","_lower":"formulahendry.auto-rename-tag"},"activationEvent":"*"}
[2020-07-16 14:37:44.226] [exthost] [info] ExtensionService#loadCommonJSModule file:///home/saadbenda/.vscode/extensions/formulahendry.auto-rename-tag-0.1.4/packages/extension/dist/extensionMain.js
[2020-07-16 14:37:44.231] [exthost] [info] ExtensionService#_doActivateExtension infinity1207.angular2-switcher {"startup":true,"extensionId":{"value":"infinity1207.angular2-switcher","_lower":"infinity1207.angular2-switcher"},"activationEvent":"*"}
[2020-07-16 14:37:44.231] [exthost] [info] ExtensionService#loadCommonJSModule file:///home/saadbenda/.vscode/extensions/infinity1207.angular2-switcher-0.3.3/out/extension.js
[2020-07-16 14:37:44.233] [exthost] [info] ExtensionService#_doActivateExtension kiteco.kite {"startup":true,"extensionId":{"value":"kiteco.kite","_lower":"kiteco.kite"},"activationEvent":"*"}
[2020-07-16 14:37:44.233] [exthost] [info] ExtensionService#loadCommonJSModule file:///home/saadbenda/.vscode/extensions/kiteco.kite-0.119.0/dist/kite-extension
[2020-07-16 14:37:44.247] [exthost] [info] ExtensionService#_doActivateExtension vscode.npm {"startup":true,"extensionId":{"value":"vscode.npm","_lower":"vscode.npm"},"activationEvent":"workspaceContains:package.json"}
[2020-07-16 14:37:44.247] [exthost] [info] ExtensionService#loadCommonJSModule file:///snap/code/37/usr/share/code/resources/app/extensions/npm/dist/npmMain
[2020-07-16 14:37:44.259] [exthost] [info] ExtensionService#_doActivateExtension AngularDoc.angulardoc-vscode {"startup":true,"extensionId":{"value":"AngularDoc.angulardoc-vscode","_lower":"angulardoc.angulardoc-vscode"},"activationEvent":"workspaceContains:package.json"}
[2020-07-16 14:37:44.259] [exthost] [info] ExtensionService#loadCommonJSModule file:///home/saadbenda/.vscode/extensions/angulardoc.angulardoc-vscode-6.1.3/build/main
[2020-07-16 14:37:45.113] [exthost] [info] ExtensionService#_doActivateExtension cyrilletuzi.angular-schematics {"startup":true,"extensionId":{"value":"cyrilletuzi.angular-schematics","_lower":"cyrilletuzi.angular-schematics"},"activationEvent":"workspaceContains:**/angular.json,**/.angular.json,**/angular-cli.json,**/.angular-cli.json"}
[2020-07-16 14:37:45.113] [exthost] [info] ExtensionService#loadCommonJSModule file:///home/saadbenda/.vscode/extensions/cyrilletuzi.angular-schematics-4.3.0/dist/extension.js
[2020-07-16 14:37:45.519] [exthost] [info] ExtensionService#_doActivateExtension vscode.github {"startup":true,"extensionId":{"value":"vscode.github","_lower":"vscode.github"},"activationEvent":"*"}
[2020-07-16 14:37:45.519] [exthost] [info] ExtensionService#loadCommonJSModule file:///snap/code/37/usr/share/code/resources/app/extensions/github/dist/extension.js
[2020-07-16 14:37:45.573] [exthost] [info] eager extensions activated
[2020-07-16 14:37:58.054] [exthost] [info] ExtensionService#_doActivateExtension vscode.extension-editing {"startup":false,"extensionId":{"value":"vscode.extension-editing","_lower":"vscode.extension-editing"},"activationEvent":"onLanguage:typescript"}
[2020-07-16 14:37:58.054] [exthost] [info] ExtensionService#loadCommonJSModule file:///snap/code/37/usr/share/code/resources/app/extensions/extension-editing/dist/extension
[2020-07-16 14:37:58.083] [exthost] [info] ExtensionService#_doActivateExtension vscode.typescript-language-features {"startup":false,"extensionId":{"value":"vscode.typescript-language-features","_lower":"vscode.typescript-language-features"},"activationEvent":"onLanguage:typescript"}
[2020-07-16 14:37:58.083] [exthost] [info] ExtensionService#loadCommonJSModule file:///snap/code/37/usr/share/code/resources/app/extensions/typescript-language-features/dist/extension
[2020-07-16 14:37:58.155] [exthost] [info] ExtensionService#_doActivateExtension Angular.ng-template {"startup":false,"extensionId":{"value":"Angular.ng-template","_lower":"angular.ng-template"},"activationEvent":"onLanguage:typescript"}
[2020-07-16 14:37:58.155] [exthost] [info] ExtensionService#loadCommonJSModule file:///home/saadbenda/.vscode/extensions/angular.ng-template-0.1000.4/client
[2020-07-16 14:37:58.259] [exthost] [info] ExtensionService#_doActivateExtension ms-vscode.vscode-typescript-tslint-plugin {"startup":false,"extensionId":{"value":"ms-vscode.vscode-typescript-tslint-plugin","_lower":"ms-vscode.vscode-typescript-tslint-plugin"},"activationEvent":"onLanguage:typescript"}
[2020-07-16 14:37:58.259] [exthost] [info] ExtensionService#loadCommonJSModule file:///home/saadbenda/.vscode/extensions/ms-vscode.vscode-typescript-tslint-plugin-1.2.3/out/index.js
[2020-07-16 14:37:58.265] [exthost] [info] ExtensionService#_doActivateExtension NG-42.ng-fortytwo-vscode-extension {"startup":false,"extensionId":{"value":"NG-42.ng-fortytwo-vscode-extension","_lower":"ng-42.ng-fortytwo-vscode-extension"},"activationEvent":"onLanguage:typescript"}
[2020-07-16 14:37:58.266] [exthost] [info] ExtensionService#loadCommonJSModule file:///home/saadbenda/.vscode/extensions/ng-42.ng-fortytwo-vscode-extension-0.0.9/out/src/ng42Main.js
[2020-07-16 14:37:58.683] [exthost] [info] ExtensionService#_doActivateExtension rbbit.typescript-hero {"startup":false,"extensionId":{"value":"rbbit.typescript-hero","_lower":"rbbit.typescript-hero"},"activationEvent":"onLanguage:typescript"}
[2020-07-16 14:37:58.683] [exthost] [info] ExtensionService#loadCommonJSModule file:///home/saadbenda/.vscode/extensions/rbbit.typescript-hero-3.0.0/out/src/extension
[2020-07-16 14:37:59.108] [exthost] [info] ExtensionService#_doActivateExtension steoates.autoimport {"startup":false,"extensionId":{"value":"steoates.autoimport","_lower":"steoates.autoimport"},"activationEvent":"onLanguage:typescript"}
[2020-07-16 14:37:59.108] [exthost] [info] ExtensionService#loadCommonJSModule file:///home/saadbenda/.vscode/extensions/steoates.autoimport-1.5.3/out/src/extension
[2020-07-16 14:38:05.256] [exthost] [info] ExtensionService#_doActivateExtension vscode.html-language-features {"startup":false,"extensionId":{"value":"vscode.html-language-features","_lower":"vscode.html-language-features"},"activationEvent":"onLanguage:html"}
[2020-07-16 14:38:05.256] [exthost] [info] ExtensionService#loadCommonJSModule file:///snap/code/37/usr/share/code/resources/app/extensions/html-language-features/client/dist/node/htmlClientMain
[2020-07-16 14:38:05.868] [exthost] [info] ExtensionService#_doActivateExtension vscode.configuration-editing {"startup":false,"extensionId":{"value":"vscode.configuration-editing","_lower":"vscode.configuration-editing"},"activationEvent":"onLanguage:jsonc"}
[2020-07-16 14:38:05.868] [exthost] [info] ExtensionService#loadCommonJSModule file:///snap/code/37/usr/share/code/resources/app/extensions/configuration-editing/dist/configurationEditingMain
[2020-07-16 14:38:05.879] [exthost] [info] ExtensionService#_doActivateExtension vscode.json-language-features {"startup":false,"extensionId":{"value":"vscode.json-language-features","_lower":"vscode.json-language-features"},"activationEvent":"onLanguage:jsonc"}
[2020-07-16 14:38:05.884] [exthost] [info] ExtensionService#loadCommonJSModule file:///snap/code/37/usr/share/code/resources/app/extensions/json-language-features/client/dist/node/jsonClientMain
[2020-07-16 14:46:23.350] [exthost] [info] ExtensionService#_doActivateExtension vscode.css-language-features {"startup":false,"extensionId":{"value":"vscode.css-language-features","_lower":"vscode.css-language-features"},"activationEvent":"onLanguage:scss"}
[2020-07-16 14:46:23.351] [exthost] [info] ExtensionService#loadCommonJSModule file:///snap/code/37/usr/share/code/resources/app/extensions/css-language-features/client/dist/node/cssClientMain
