Initializing document watcher...
first-app/src/app/form/form.component.ts: {"insertSpaces":true,"tabSize":2}
first-app/src/app/form/form.component.html: {"insertSpaces":true,"tabSize":2}
first-app/src/app/form/form.component.html: Using EditorConfig core...
src/app/form/form.component.html: editor.action.trimTrailingWhitespace
first-app/src/app/form/form.component.html: {"insertSpaces":true,"tabSize":2}
first-app/src/app/form/form.component.html: {"insertSpaces":true,"tabSize":2}
first-app/src/app/form/form.component.ts: {"insertSpaces":true,"tabSize":2}
first-app/src/app/form/form.component.spec.ts: {"insertSpaces":true,"tabSize":2}
first-app/src/app/form/form.component.html: {"insertSpaces":true,"tabSize":2}
first-app/src/app/form/form.component.html: {"insertSpaces":true,"tabSize":2}
first-app/src/app/form/form.component.spec.ts: {"insertSpaces":true,"tabSize":2}
first-app/src/app/app.component.ts: {"insertSpaces":true,"tabSize":2}
first-app/src/app/app.module.ts: {"insertSpaces":true,"tabSize":2}
first-app/src/app/app.module.ts: {"insertSpaces":true,"tabSize":2}
first-app/src/app/app.module.ts: Using EditorConfig core...
src/app/app.module.ts: editor.action.trimTrailingWhitespace
first-app/src/app/form/form.component.html: {"insertSpaces":true,"tabSize":2}
first-app/src/app/form/form.component.html: {"insertSpaces":true,"tabSize":2}
first-app/src/app/form/form.component.ts: {"insertSpaces":true,"tabSize":2}
first-app/src/app/form/form.component.ts: Using EditorConfig core...
src/app/form/form.component.ts: editor.action.trimTrailingWhitespace
first-app/src/app/form/form.component.ts: Using EditorConfig core...
src/app/form/form.component.ts: editor.action.trimTrailingWhitespace
first-app/src/app/form/form.component.ts: {"insertSpaces":true,"tabSize":2}
first-app/src/app/app-routing.module.ts: {"insertSpaces":true,"tabSize":2}
first-app/src/app/form/form.component.html: {"insertSpaces":true,"tabSize":2}
first-app/src/app/form/form.component.ts: {"insertSpaces":true,"tabSize":2}
first-app/src/app/form/form.component.ts: {"insertSpaces":true,"tabSize":2}
first-app/src/app/form/form.component.ts: {"insertSpaces":true,"tabSize":2}
first-app/src/app/form/form.component.html: {"insertSpaces":true,"tabSize":2}
first-app/src/app/form/form.component.ts: {"insertSpaces":true,"tabSize":2}
first-app/src/app/form/form.component.ts: {"insertSpaces":true,"tabSize":2}
first-app/src/app/form/form.component.scss: {"insertSpaces":true,"tabSize":2}
first-app/src/app/form/form.component.html: {"insertSpaces":true,"tabSize":2}
first-app/src/app/form/form.component.html: {"insertSpaces":true,"tabSize":2}
first-app/src/app/app.module.ts: {"insertSpaces":true,"tabSize":2}
first-app/src/app/app.module.ts: {"insertSpaces":true,"tabSize":2}
first-app/src/app/app.module.ts: Using EditorConfig core...
src/app/app.module.ts: editor.action.trimTrailingWhitespace
first-app/src/app/app.module.ts: Using EditorConfig core...
src/app/app.module.ts: editor.action.trimTrailingWhitespace
first-app/src/app/app.module.ts: {"insertSpaces":true,"tabSize":2}
first-app/src/app/model/recipe.model.ts: {"insertSpaces":true,"tabSize":2}
first-app/src/app/model/recipe.model.ts: {"insertSpaces":true,"tabSize":2}
first-app/src/app/form/form.component.html: {"insertSpaces":true,"tabSize":2}
first-app/src/app/form/form.component.ts: {"insertSpaces":true,"tabSize":2}
first-app/src/app/app.module.ts: {"insertSpaces":true,"tabSize":2}
first-app/src/app/app.component.html: {"insertSpaces":true,"tabSize":2}
first-app/src/app/app.component.html: Using EditorConfig core...
src/app/app.component.html: editor.action.trimTrailingWhitespace
first-app/src/app/app.component.html: {"insertSpaces":true,"tabSize":2}
first-app/src/app/app.component.html: Using EditorConfig core...
src/app/app.component.html: editor.action.trimTrailingWhitespace
first-app/src/app/app.component.html: {"insertSpaces":true,"tabSize":2}
first-app/src/app/app-routing.module.ts: {"insertSpaces":true,"tabSize":2}
first-app/src/app/app-routing.module.ts: {"insertSpaces":true,"tabSize":2}
first-app/src/app/form/form.component.ts: {"insertSpaces":true,"tabSize":2}
first-app/src/app/form/form.component.ts: {"insertSpaces":true,"tabSize":2}
first-app/src/app/form/form.component.ts: {"insertSpaces":true,"tabSize":2}
first-app/src/app/form/form.component.html: {"insertSpaces":true,"tabSize":2}
first-app/src/app/form/form.component.ts: {"insertSpaces":true,"tabSize":2}
first-app/src/app/form/form.component.html: {"insertSpaces":true,"tabSize":2}
first-app/src/app/form/form.component.ts: {"insertSpaces":true,"tabSize":2}
first-app/src/app/app.component.html: {"insertSpaces":true,"tabSize":2}
first-app/src/app/form/form.component.ts: {"insertSpaces":true,"tabSize":2}
first-app/src/app/form/form.component.html: {"insertSpaces":true,"tabSize":2}
first-app/src/app/form/form.component.html: {"insertSpaces":true,"tabSize":2}
first-app/src/app/app.component.html: {"insertSpaces":true,"tabSize":2}
first-app/src/app/app.component.html: Using EditorConfig core...
src/app/app.component.html: editor.action.trimTrailingWhitespace
first-app/src/app/app.component.html: {"insertSpaces":true,"tabSize":2}
first-app/src/app/app-routing.module.ts: {"insertSpaces":true,"tabSize":2}
first-app/src/app/app-routing.module.ts: Using EditorConfig core...
src/app/app-routing.module.ts: editor.action.trimTrailingWhitespace
first-app/src/app/app-routing.module.ts: Using EditorConfig core...
src/app/app-routing.module.ts: editor.action.trimTrailingWhitespace
first-app/src/app/app-routing.module.ts: Using EditorConfig core...
src/app/app-routing.module.ts: editor.action.trimTrailingWhitespace
first-app/src/app/app-routing.module.ts: Using EditorConfig core...
src/app/app-routing.module.ts: editor.action.trimTrailingWhitespace
first-app/src/app/app-routing.module.ts: Using EditorConfig core...
src/app/app-routing.module.ts: editor.action.trimTrailingWhitespace
first-app/src/app/app-routing.module.ts: Using EditorConfig core...
src/app/app-routing.module.ts: editor.action.trimTrailingWhitespace
first-app/src/app/app-routing.module.ts: {"insertSpaces":true,"tabSize":2}
first-app/src/app/app.component.html: {"insertSpaces":true,"tabSize":2}
first-app/src/app/app-routing.module.ts: {"insertSpaces":true,"tabSize":2}
first-app/src/app/app-routing.module.ts: {"insertSpaces":true,"tabSize":2}
first-app/src/app/app-routing.module.ts: {"insertSpaces":true,"tabSize":2}
first-app/src/app/app.component.html: {"insertSpaces":true,"tabSize":2}
first-app/src/app/app-routing.module.ts: {"insertSpaces":true,"tabSize":2}
first-app/src/app/app-routing.module.ts: Using EditorConfig core...
src/app/app-routing.module.ts: editor.action.trimTrailingWhitespace
first-app/src/app/app-routing.module.ts: {"insertSpaces":true,"tabSize":2}
first-app/src/app/app-routing.module.ts: {"insertSpaces":true,"tabSize":2}
first-app/src/app/form/form.component.html: {"insertSpaces":true,"tabSize":2}
first-app/src/app/form/form.component.html: Using EditorConfig core...
src/app/form/form.component.html: editor.action.trimTrailingWhitespace
first-app/src/app/form/form.component.ts: {"insertSpaces":true,"tabSize":2}
first-app/src/app/form/form.component.html: {"insertSpaces":true,"tabSize":2}
first-app/src/app/form/form.component.html: Using EditorConfig core...
src/app/form/form.component.html: editor.action.trimTrailingWhitespace
first-app/src/app/app.module.ts: {"insertSpaces":true,"tabSize":2}
first-app/src/app/app-routing.module.ts: {"insertSpaces":true,"tabSize":2}
first-app/src/app/app.component.html: {"insertSpaces":true,"tabSize":2}
first-app/src/app/app.component.html: Using EditorConfig core...
src/app/app.component.html: editor.action.trimTrailingWhitespace
first-app/src/app/app.component.html: {"insertSpaces":true,"tabSize":2}
first-app/src/app/app-routing.module.ts: {"insertSpaces":true,"tabSize":2}
first-app/src/app/app-routing.module.ts: Using EditorConfig core...
src/app/app-routing.module.ts: editor.action.trimTrailingWhitespace
first-app/src/app/app-routing.module.ts: {"insertSpaces":true,"tabSize":2}
first-app/src/app/app.module.ts: {"insertSpaces":true,"tabSize":2}
first-app/src/app/app.component.html: {"insertSpaces":true,"tabSize":2}
first-app/src/app/app.component.html: Using EditorConfig core...
src/app/app.component.html: editor.action.trimTrailingWhitespace
first-app/src/app/app.component.html: {"insertSpaces":true,"tabSize":2}
first-app/src/app/app.component.html: {"insertSpaces":true,"tabSize":2}
first-app/src/app/app.module.ts: {"insertSpaces":true,"tabSize":2}
first-app/src/app/form/form.component.ts: {"insertSpaces":true,"tabSize":2}
first-app/src/app/app.component.html: {"insertSpaces":true,"tabSize":2}
first-app/src/app/form/form.component.html: {"insertSpaces":true,"tabSize":2}
first-app/src/app/form/form.component.html: Using EditorConfig core...
src/app/form/form.component.html: editor.action.trimTrailingWhitespace
first-app/src/app/form/form.component.html: Using EditorConfig core...
src/app/form/form.component.html: editor.action.trimTrailingWhitespace
first-app/src/app/form/form.component.html: {"insertSpaces":true,"tabSize":2}
first-app/src/app/form/form.component.html: {"insertSpaces":true,"tabSize":2}
first-app/src/app/form/form.component.html: Using EditorConfig core...
src/app/form/form.component.html: editor.action.trimTrailingWhitespace
first-app/src/app/form/form.component.html: Using EditorConfig core...
src/app/form/form.component.html: editor.action.trimTrailingWhitespace
first-app/src/app/form/form.component.ts: {"insertSpaces":true,"tabSize":2}
first-app/src/app/form/form.component.ts: Using EditorConfig core...
src/app/form/form.component.ts: editor.action.trimTrailingWhitespace
first-app/src/app/form/form.component.ts: Using EditorConfig core...
src/app/form/form.component.ts: editor.action.trimTrailingWhitespace
first-app/src/app/form/form.component.ts: Using EditorConfig core...
src/app/form/form.component.ts: editor.action.trimTrailingWhitespace
first-app/src/app/form/form.component.ts: Using EditorConfig core...
src/app/form/form.component.ts: editor.action.trimTrailingWhitespace
first-app/src/app/form/form.component.ts: Using EditorConfig core...
src/app/form/form.component.ts: editor.action.trimTrailingWhitespace
first-app/src/app/form/form.component.ts: Using EditorConfig core...
src/app/form/form.component.ts: editor.action.trimTrailingWhitespace
first-app/src/app/form/form.component.ts: Using EditorConfig core...
src/app/form/form.component.ts: editor.action.trimTrailingWhitespace
first-app/src/app/form/form.component.ts: Using EditorConfig core...
src/app/form/form.component.ts: editor.action.trimTrailingWhitespace
first-app/src/app/form/form.component.ts: Using EditorConfig core...
src/app/form/form.component.ts: editor.action.trimTrailingWhitespace
first-app/src/app/form/form.component.ts: {"insertSpaces":true,"tabSize":2}
first-app/src/app/form/form.component.ts: {"insertSpaces":true,"tabSize":2}
first-app/src/app/form/form.component.ts: Using EditorConfig core...
src/app/form/form.component.ts: editor.action.trimTrailingWhitespace
first-app/src/app/form/form.component.ts: Using EditorConfig core...
src/app/form/form.component.ts: editor.action.trimTrailingWhitespace
first-app/src/app/form/form.component.ts: Using EditorConfig core...
src/app/form/form.component.ts: editor.action.trimTrailingWhitespace
first-app/src/app/form/form.component.ts: {"insertSpaces":true,"tabSize":2}
first-app/src/app/form/form.component.ts: {"insertSpaces":true,"tabSize":2}
first-app/src/app/form/form.component.ts: Using EditorConfig core...
src/app/form/form.component.ts: editor.action.trimTrailingWhitespace
first-app/src/app/model/recipe.model.ts: {"insertSpaces":true,"tabSize":2}
first-app/src/app/form/form.component.ts: {"insertSpaces":true,"tabSize":2}
first-app/src/app/form/form.component.ts: Using EditorConfig core...
src/app/form/form.component.ts: editor.action.trimTrailingWhitespace
first-app/src/app/model/recipe.model.ts: {"insertSpaces":true,"tabSize":2}
first-app/src/app/form/form.component.ts: {"insertSpaces":true,"tabSize":2}
first-app/src/app/form/form.component.html: {"insertSpaces":true,"tabSize":2}
first-app/src/app/form/form.component.ts: {"insertSpaces":true,"tabSize":2}
first-app/src/app/form/form.component.html: {"insertSpaces":true,"tabSize":2}
first-app/src/app/form/form.component.ts: {"insertSpaces":true,"tabSize":2}
first-app/src/app/model/recipe.model.ts: {"insertSpaces":true,"tabSize":2}
first-app/src/app/form/form.component.ts: {"insertSpaces":true,"tabSize":2}
first-app/src/app/form/form.component.ts: {"insertSpaces":true,"tabSize":2}
first-app/src/app/form/form.component.ts: {"insertSpaces":true,"tabSize":2}
first-app/src/app/form/form.component.ts: Using EditorConfig core...
src/app/form/form.component.ts: editor.action.trimTrailingWhitespace
first-app/src/app/form/form.component.ts: Using EditorConfig core...
src/app/form/form.component.ts: editor.action.trimTrailingWhitespace
first-app/src/app/form/form.component.ts: Using EditorConfig core...
src/app/form/form.component.ts: editor.action.trimTrailingWhitespace
first-app/src/app/model/recipe.model.ts: {"insertSpaces":true,"tabSize":2}
first-app/src/app/form/form.component.ts: {"insertSpaces":true,"tabSize":2}
first-app/src/app/form/form.component.ts: Using EditorConfig core...
src/app/form/form.component.ts: editor.action.trimTrailingWhitespace
first-app/src/app/model/recipe.model.ts: {"insertSpaces":true,"tabSize":2}
first-app/src/app/model/recipe-ingredient.model.ts: {"insertSpaces":true,"tabSize":2}
first-app/src/app/model/recipe.model.ts: {"insertSpaces":true,"tabSize":2}
first-app/src/app/form/form.component.html: {"insertSpaces":true,"tabSize":2}
first-app/src/app/form/form.component.ts: {"insertSpaces":true,"tabSize":2}
first-app/src/app/model/recipe.model.ts: {"insertSpaces":true,"tabSize":2}
first-app/src/app/form/form.component.ts: {"insertSpaces":true,"tabSize":2}
first-app/src/app/form/form.component.ts: Using EditorConfig core...
src/app/form/form.component.ts: editor.action.trimTrailingWhitespace
first-app/src/app/form/form.component.ts: Using EditorConfig core...
src/app/form/form.component.ts: editor.action.trimTrailingWhitespace
first-app/src/app/form/form.component.ts: Using EditorConfig core...
src/app/form/form.component.ts: editor.action.trimTrailingWhitespace
first-app/src/app/model/recipe.model.ts: {"insertSpaces":true,"tabSize":2}
first-app/src/app/model/recipe-ingredient.model.ts: {"insertSpaces":true,"tabSize":2}
first-app/src/app/form/form.component.ts: {"insertSpaces":true,"tabSize":2}
first-app/src/app/form/form.component.ts: Using EditorConfig core...
src/app/form/form.component.ts: editor.action.trimTrailingWhitespace
first-app/src/app/model/recipe-ingredient.model.ts: {"insertSpaces":true,"tabSize":2}
first-app/src/app/model/recipe.model.ts: {"insertSpaces":true,"tabSize":2}
first-app/src/app/model/recipe-ingredient.model.ts: {"insertSpaces":true,"tabSize":2}
first-app/src/app/model/ingredient.model.ts: {"insertSpaces":true,"tabSize":2}
first-app/src/app/model/recipe-ingredient.model.ts: {"insertSpaces":true,"tabSize":2}
first-app/src/app/form/form.component.html: {"insertSpaces":true,"tabSize":2}
first-app/src/app/form/form.component.ts: {"insertSpaces":true,"tabSize":2}
first-app/src/app/model/recipe-ingredient.model.ts: {"insertSpaces":true,"tabSize":2}
first-app/src/app/form/form.component.ts: {"insertSpaces":true,"tabSize":2}
first-app/src/app/form/form.component.ts: Using EditorConfig core...
src/app/form/form.component.ts: editor.action.trimTrailingWhitespace
first-app/src/app/model/recipe-ingredient.model.ts: {"insertSpaces":true,"tabSize":2}
first-app/src/app/form/form.component.ts: {"insertSpaces":true,"tabSize":2}
first-app/src/app/form/form.component.ts: Using EditorConfig core...
src/app/form/form.component.ts: editor.action.trimTrailingWhitespace
first-app/src/app/model/recipe-ingredient.model.ts: {"insertSpaces":true,"tabSize":2}
first-app/src/app/model/recipe.model.ts: {"insertSpaces":true,"tabSize":2}
first-app/src/app/model/ingredient.model.ts: {"insertSpaces":true,"tabSize":2}
first-app/src/app/model/recipe.model.ts: {"insertSpaces":true,"tabSize":2}
first-app/src/app/model/recipe.model.ts: {"insertSpaces":true,"tabSize":2}
first-app/src/app/model/recipe.model.ts: Using EditorConfig core...
src/app/model/recipe.model.ts: editor.action.trimTrailingWhitespace
first-app/src/app/model/recipe.model.ts: Using EditorConfig core...
src/app/model/recipe.model.ts: editor.action.trimTrailingWhitespace
first-app/src/app/form/form.component.ts: {"insertSpaces":true,"tabSize":2}
first-app/src/app/form/form.component.ts: {"insertSpaces":true,"tabSize":2}
first-app/src/styles.scss: {"insertSpaces":true,"tabSize":2}
first-app/src/styles.scss: Using EditorConfig core...
src/styles.scss: editor.action.trimTrailingWhitespace
src/styles.scss: insertFinalNewline(LF)
first-app/src/app/form/form.component.ts: {"insertSpaces":true,"tabSize":2}
first-app/src/app/model/recipe.model.ts: {"insertSpaces":true,"tabSize":2}
first-app/src/app/model/recipe.model.ts: Using EditorConfig core...
src/app/model/recipe.model.ts: editor.action.trimTrailingWhitespace
first-app/src/app/model/recipe.model.ts: {"insertSpaces":true,"tabSize":2}
first-app/src/app/model/recipe.model.ts: {"insertSpaces":true,"tabSize":2}
first-app/src/app/model/recipe.model.ts: {"insertSpaces":true,"tabSize":2}
first-app/src/app/model/recipe.model.ts: {"insertSpaces":true,"tabSize":2}
first-app/src/app/form/form.component.ts: {"insertSpaces":true,"tabSize":2}
first-app/src/app/form/form.component.ts: Using EditorConfig core...
src/app/form/form.component.ts: editor.action.trimTrailingWhitespace
first-app/src/app/form/form.component.ts: Using EditorConfig core...
src/app/form/form.component.ts: editor.action.trimTrailingWhitespace
first-app/src/app/form/form.component.ts: Using EditorConfig core...
src/app/form/form.component.ts: editor.action.trimTrailingWhitespace
first-app/src/app/form/form.component.ts: Using EditorConfig core...
src/app/form/form.component.ts: editor.action.trimTrailingWhitespace
first-app/src/app/form/form.component.ts: {"insertSpaces":true,"tabSize":2}
first-app/src/app/form/form.component.html: {"insertSpaces":true,"tabSize":2}
first-app/src/app/form/form.component.html: {"insertSpaces":true,"tabSize":2}
first-app/src/app/form/form.component.html: Using EditorConfig core...
src/app/form/form.component.html: editor.action.trimTrailingWhitespace
first-app/src/app/form/form.component.html: Using EditorConfig core...
src/app/form/form.component.html: editor.action.trimTrailingWhitespace
first-app/src/app/form/form.component.html: Using EditorConfig core...
src/app/form/form.component.html: editor.action.trimTrailingWhitespace
first-app/src/app/form/form.component.html: Using EditorConfig core...
src/app/form/form.component.html: editor.action.trimTrailingWhitespace
first-app/src/app/form/form.component.html: Using EditorConfig core...
src/app/form/form.component.html: editor.action.trimTrailingWhitespace
first-app/src/app/form/form.component.html: Using EditorConfig core...
src/app/form/form.component.html: editor.action.trimTrailingWhitespace
first-app/src/app/form/form.component.html: {"insertSpaces":true,"tabSize":2}
first-app/src/app/form/form.component.html: {"insertSpaces":true,"tabSize":2}
first-app/src/app/form/form.component.html: {"insertSpaces":true,"tabSize":2}
first-app/src/app/form/form.component.html: Using EditorConfig core...
src/app/form/form.component.html: editor.action.trimTrailingWhitespace
first-app/src/app/form/form.component.html: {"insertSpaces":true,"tabSize":2}
first-app/src/app/form/form.component.html: Using EditorConfig core...
src/app/form/form.component.html: editor.action.trimTrailingWhitespace
first-app/src/app/form/form.component.html: {"insertSpaces":true,"tabSize":2}
first-app/src/app/form/form.component.html: Using EditorConfig core...
src/app/form/form.component.html: editor.action.trimTrailingWhitespace
first-app/src/app/form/form.component.html: Using EditorConfig core...
src/app/form/form.component.html: editor.action.trimTrailingWhitespace
first-app/src/app/form/form.component.html: Using EditorConfig core...
src/app/form/form.component.html: editor.action.trimTrailingWhitespace
first-app/src/app/form/form.component.html: Using EditorConfig core...
src/app/form/form.component.html: editor.action.trimTrailingWhitespace
first-app/src/app/form/form.component.html: Using EditorConfig core...
src/app/form/form.component.html: editor.action.trimTrailingWhitespace
first-app/src/app/form/form.component.html: Using EditorConfig core...
src/app/form/form.component.html: editor.action.trimTrailingWhitespace
first-app/src/app/form/form.component.html: Using EditorConfig core...
src/app/form/form.component.html: editor.action.trimTrailingWhitespace
first-app/src/app/form/form.component.html: {"insertSpaces":true,"tabSize":2}
first-app/src/app/form/form.component.html: Using EditorConfig core...
src/app/form/form.component.html: editor.action.trimTrailingWhitespace
first-app/src/app/form/form.component.html: Using EditorConfig core...
src/app/form/form.component.html: editor.action.trimTrailingWhitespace
first-app/src/app/form/form.component.html: Using EditorConfig core...
src/app/form/form.component.html: editor.action.trimTrailingWhitespace
first-app/src/app/form/form.component.html: Using EditorConfig core...
src/app/form/form.component.html: editor.action.trimTrailingWhitespace
first-app/src/app/form/form.component.html: Using EditorConfig core...
src/app/form/form.component.html: editor.action.trimTrailingWhitespace
first-app/src/app/form/form.component.html: {"insertSpaces":true,"tabSize":2}
first-app/src/app/form/form.component.html: Using EditorConfig core...
src/app/form/form.component.html: editor.action.trimTrailingWhitespace
first-app/src/app/form/form.component.html: Using EditorConfig core...
src/app/form/form.component.html: editor.action.trimTrailingWhitespace
first-app/src/app/form/form.component.html: Using EditorConfig core...
src/app/form/form.component.html: editor.action.trimTrailingWhitespace
first-app/src/app/form/form.component.html: Using EditorConfig core...
src/app/form/form.component.html: editor.action.trimTrailingWhitespace
first-app/src/app/form/form.component.html: {"insertSpaces":true,"tabSize":2}
first-app/src/app/form/form.component.html: {"insertSpaces":true,"tabSize":2}
first-app/src/app/form/form.component.html: Using EditorConfig core...
src/app/form/form.component.html: editor.action.trimTrailingWhitespace
first-app/src/app/form/form.component.ts: {"insertSpaces":true,"tabSize":2}
first-app/src/app/form/form.component.ts: Using EditorConfig core...
src/app/form/form.component.ts: editor.action.trimTrailingWhitespace
first-app/src/app/form/form.component.ts: {"insertSpaces":true,"tabSize":2}
first-app/src/app/form/form.component.html: {"insertSpaces":true,"tabSize":2}
first-app/src/app/model/recipe.model.ts: {"insertSpaces":true,"tabSize":2}
first-app/src/app/form/form.component.html: {"insertSpaces":true,"tabSize":2}
first-app/src/app/form/form.component.html: Using EditorConfig core...
src/app/form/form.component.html: editor.action.trimTrailingWhitespace
first-app/src/app/form/form.component.html: Using EditorConfig core...
src/app/form/form.component.html: editor.action.trimTrailingWhitespace
first-app/src/app/form/form.component.html: Using EditorConfig core...
src/app/form/form.component.html: editor.action.trimTrailingWhitespace
first-app/src/app/form/form.component.html: Using EditorConfig core...
src/app/form/form.component.html: editor.action.trimTrailingWhitespace
first-app/src/app/form/form.component.html: Using EditorConfig core...
src/app/form/form.component.html: editor.action.trimTrailingWhitespace
first-app/src/app/model/recipe.model.ts: {"insertSpaces":true,"tabSize":2}
first-app/src/app/form/form.component.html: {"insertSpaces":true,"tabSize":2}
first-app/src/app/form/form.component.html: Using EditorConfig core...
src/app/form/form.component.html: editor.action.trimTrailingWhitespace
first-app/src/app/form/form.component.html: Using EditorConfig core...
src/app/form/form.component.html: editor.action.trimTrailingWhitespace
first-app/src/app/model/recipe-ingredient.model.ts: {"insertSpaces":true,"tabSize":2}
first-app/src/app/model/ingredient.model.ts: {"insertSpaces":true,"tabSize":2}
first-app/src/app/model/recipe-ingredient.model.ts: {"insertSpaces":true,"tabSize":2}
first-app/src/app/form/form.component.html: {"insertSpaces":true,"tabSize":2}
first-app/src/app/form/form.component.html: Using EditorConfig core...
src/app/form/form.component.html: editor.action.trimTrailingWhitespace
first-app/src/app/form/form.component.html: Using EditorConfig core...
src/app/form/form.component.html: editor.action.trimTrailingWhitespace
first-app/src/app/model/recipe-ingredient.model.ts: {"insertSpaces":true,"tabSize":2}
first-app/src/app/model/ingredient.model.ts: {"insertSpaces":true,"tabSize":2}
first-app/src/app/form/form.component.html: {"insertSpaces":true,"tabSize":2}
first-app/src/app/form/form.component.html: Using EditorConfig core...
src/app/form/form.component.html: editor.action.trimTrailingWhitespace
first-app/src/app/form/form.component.html: Using EditorConfig core...
src/app/form/form.component.html: editor.action.trimTrailingWhitespace
first-app/src/app/form/form.component.html: Using EditorConfig core...
src/app/form/form.component.html: editor.action.trimTrailingWhitespace
first-app/src/app/form/form.component.html: {"insertSpaces":true,"tabSize":2}
first-app/src/app/form/form.component.html: Using EditorConfig core...
src/app/form/form.component.html: editor.action.trimTrailingWhitespace
first-app/src/app/form/form.component.html: Using EditorConfig core...
src/app/form/form.component.html: editor.action.trimTrailingWhitespace
first-app/src/app/form/form.component.html: Using EditorConfig core...
src/app/form/form.component.html: editor.action.trimTrailingWhitespace
first-app/src/app/form/form.component.html: Using EditorConfig core...
src/app/form/form.component.html: editor.action.trimTrailingWhitespace
first-app/src/app/form/form.component.html: Using EditorConfig core...
src/app/form/form.component.html: editor.action.trimTrailingWhitespace
first-app/src/app/form/form.component.html: Using EditorConfig core...
src/app/form/form.component.html: editor.action.trimTrailingWhitespace
first-app/src/app/form/form.component.html: Using EditorConfig core...
src/app/form/form.component.html: editor.action.trimTrailingWhitespace
first-app/src/app/form/form.component.html: Using EditorConfig core...
src/app/form/form.component.html: editor.action.trimTrailingWhitespace
first-app/src/app/form/form.component.html: Using EditorConfig core...
src/app/form/form.component.html: editor.action.trimTrailingWhitespace
first-app/src/app/model/recipe-ingredient.model.ts: {"insertSpaces":true,"tabSize":2}
first-app/src/app/form/form.component.html: {"insertSpaces":true,"tabSize":2}
first-app/src/app/form/form.component.html: Using EditorConfig core...
src/app/form/form.component.html: editor.action.trimTrailingWhitespace
first-app/src/app/form/form.component.html: Using EditorConfig core...
src/app/form/form.component.html: editor.action.trimTrailingWhitespace
first-app/src/app/form/form.component.html: Using EditorConfig core...
src/app/form/form.component.html: editor.action.trimTrailingWhitespace
first-app/src/app/form/form.component.html: Using EditorConfig core...
src/app/form/form.component.html: editor.action.trimTrailingWhitespace
first-app/src/app/form/form.component.html: {"insertSpaces":true,"tabSize":2}
first-app/src/app/form/form.component.html: Using EditorConfig core...
src/app/form/form.component.html: editor.action.trimTrailingWhitespace
first-app/src/app/form/form.component.html: {"insertSpaces":true,"tabSize":2}
first-app/src/app/form/form.component.html: {"insertSpaces":true,"tabSize":2}
first-app/src/app/form/form.component.html: Using EditorConfig core...
src/app/form/form.component.html: editor.action.trimTrailingWhitespace
first-app/src/app/form/form.component.ts: {"insertSpaces":true,"tabSize":2}
first-app/src/app/form/form.component.ts: Using EditorConfig core...
src/app/form/form.component.ts: editor.action.trimTrailingWhitespace
first-app/src/app/form/form.component.html: {"insertSpaces":true,"tabSize":2}
first-app/src/app/form/form.component.html: {"insertSpaces":true,"tabSize":2}
first-app/src/app/form/form.component.html: {"insertSpaces":true,"tabSize":2}
first-app/src/app/form/form.component.ts: {"insertSpaces":true,"tabSize":2}
first-app/src/app/form/form.component.ts: {"insertSpaces":true,"tabSize":2}
first-app/src/app/form/form.component.html: {"insertSpaces":true,"tabSize":2}
first-app/src/app/model/recipe-ingredient.model.ts: {"insertSpaces":true,"tabSize":2}
first-app/src/app/form/form.component.html: {"insertSpaces":true,"tabSize":2}
first-app/src/app/form/form.component.ts: {"insertSpaces":true,"tabSize":2}
first-app/src/app/form/form.component.ts: {"insertSpaces":true,"tabSize":2}
first-app/src/app/form/form.component.ts: {"insertSpaces":true,"tabSize":2}
first-app/src/app/form/form.component.ts: {"insertSpaces":true,"tabSize":2}
first-app/src/app/form/form.component.ts: {"insertSpaces":true,"tabSize":2}
first-app/src/app/form/form.component.ts: Using EditorConfig core...
src/app/form/form.component.ts: editor.action.trimTrailingWhitespace
first-app/src/app/form/form.component.ts: {"insertSpaces":true,"tabSize":2}
first-app/src/app/form/form.component.ts: Using EditorConfig core...
src/app/form/form.component.ts: editor.action.trimTrailingWhitespace
first-app/src/app/form/form.component.ts: Using EditorConfig core...
src/app/form/form.component.ts: editor.action.trimTrailingWhitespace
first-app/src/app/form/form.component.ts: Using EditorConfig core...
src/app/form/form.component.ts: editor.action.trimTrailingWhitespace
first-app/src/app/form/form.component.ts: Using EditorConfig core...
src/app/form/form.component.ts: editor.action.trimTrailingWhitespace
first-app/src/app/form/form.component.ts: Using EditorConfig core...
src/app/form/form.component.ts: editor.action.trimTrailingWhitespace
first-app/src/app/form/form.component.ts: Using EditorConfig core...
src/app/form/form.component.ts: editor.action.trimTrailingWhitespace
first-app/src/app/form/form.component.ts: Using EditorConfig core...
src/app/form/form.component.ts: editor.action.trimTrailingWhitespace
first-app/src/app/form/form.component.ts: Using EditorConfig core...
src/app/form/form.component.ts: editor.action.trimTrailingWhitespace
first-app/src/app/form/form.component.ts: Using EditorConfig core...
src/app/form/form.component.ts: editor.action.trimTrailingWhitespace
first-app/src/app/form/form.component.ts: Using EditorConfig core...
src/app/form/form.component.ts: editor.action.trimTrailingWhitespace
first-app/src/app/form/form.component.ts: {"insertSpaces":true,"tabSize":2}
first-app/src/app/form/form.component.ts: Using EditorConfig core...
src/app/form/form.component.ts: editor.action.trimTrailingWhitespace
first-app/src/app/form/form.component.ts: {"insertSpaces":true,"tabSize":2}
first-app/src/app/form/form.component.ts: Using EditorConfig core...
src/app/form/form.component.ts: editor.action.trimTrailingWhitespace
first-app/src/app/form/form.component.html: {"insertSpaces":true,"tabSize":2}
first-app/src/app/form/form.component.ts: {"insertSpaces":true,"tabSize":2}
first-app/src/app/form/form.component.ts: Using EditorConfig core...
src/app/form/form.component.ts: editor.action.trimTrailingWhitespace
first-app/src/app/form/form.component.ts: {"insertSpaces":true,"tabSize":2}
first-app/src/app/recipe.service.ts: {"insertSpaces":true,"tabSize":2}
first-app/src/app/recipe.service.ts: Using EditorConfig core...
src/app/recipe.service.ts: editor.action.trimTrailingWhitespace
first-app/src/app/recipe.service.ts: Using EditorConfig core...
src/app/recipe.service.ts: editor.action.trimTrailingWhitespace
first-app/src/app/recipe.service.ts: Using EditorConfig core...
src/app/recipe.service.ts: editor.action.trimTrailingWhitespace
first-app/src/app/recipe.service.ts: Using EditorConfig core...
src/app/recipe.service.ts: editor.action.trimTrailingWhitespace
first-app/src/app/recipe.service.ts: Using EditorConfig core...
src/app/recipe.service.ts: editor.action.trimTrailingWhitespace
first-app/src/app/recipe.service.ts: Using EditorConfig core...
src/app/recipe.service.ts: editor.action.trimTrailingWhitespace
first-app/src/app/recipe.service.ts: Using EditorConfig core...
src/app/recipe.service.ts: editor.action.trimTrailingWhitespace
first-app/src/app/recipe.service.ts: Using EditorConfig core...
src/app/recipe.service.ts: editor.action.trimTrailingWhitespace
first-app/src/app/form/form.component.ts: {"insertSpaces":true,"tabSize":2}
first-app/src/app/form/form.component.ts: Using EditorConfig core...
src/app/form/form.component.ts: editor.action.trimTrailingWhitespace
first-app/src/app/form/form.component.ts: Using EditorConfig core...
src/app/form/form.component.ts: editor.action.trimTrailingWhitespace
first-app/src/app/form/form.component.ts: Using EditorConfig core...
src/app/form/form.component.ts: editor.action.trimTrailingWhitespace
first-app/src/app/form/form.component.ts: Using EditorConfig core...
src/app/form/form.component.ts: editor.action.trimTrailingWhitespace
first-app/src/app/form/form.component.ts: Using EditorConfig core...
src/app/form/form.component.ts: editor.action.trimTrailingWhitespace
first-app/src/app/form/form.component.ts: {"insertSpaces":true,"tabSize":2}
first-app/src/app/form/form.component.ts: {"insertSpaces":true,"tabSize":2}
first-app/src/app/form/form.component.html: {"insertSpaces":true,"tabSize":2}
first-app/src/app/form/form.component.html: {"insertSpaces":true,"tabSize":2}
first-app/src/app/form/form.component.html: {"insertSpaces":true,"tabSize":2}
first-app/src/app/form/form.component.html: {"insertSpaces":true,"tabSize":2}
first-app/src/app/form/form.component.html: {"insertSpaces":true,"tabSize":2}
first-app/src/app/form/form.component.html: {"insertSpaces":true,"tabSize":2}
first-app/src/app/form/form.component.ts: {"insertSpaces":true,"tabSize":2}
first-app/src/app/form/form.component.ts: {"insertSpaces":true,"tabSize":2}
first-app/src/app/form/form.component.ts: {"insertSpaces":true,"tabSize":2}
first-app/src/app/form/form.component.html: {"insertSpaces":true,"tabSize":2}
first-app/src/app/form/form.component.html: Using EditorConfig core...
src/app/form/form.component.html: editor.action.trimTrailingWhitespace
first-app/src/app/form/form.component.html: Using EditorConfig core...
src/app/form/form.component.html: editor.action.trimTrailingWhitespace
first-app/src/app/model/recipe.model.ts: {"insertSpaces":true,"tabSize":2}
first-app/src/app/model/recipe-ingredient.model.ts: {"insertSpaces":true,"tabSize":2}
first-app/src/app/form/form.component.html: {"insertSpaces":true,"tabSize":2}
first-app/src/app/form/form.component.html: Using EditorConfig core...
src/app/form/form.component.html: editor.action.trimTrailingWhitespace
first-app/src/app/form/form.component.html: Using EditorConfig core...
src/app/form/form.component.html: editor.action.trimTrailingWhitespace
first-app/src/app/form/form.component.ts: {"insertSpaces":true,"tabSize":2}
first-app/src/app/form/form.component.ts: Using EditorConfig core...
src/app/form/form.component.ts: editor.action.trimTrailingWhitespace
first-app/src/app/form/form.component.ts: {"insertSpaces":true,"tabSize":2}
first-app/src/app/form/form.component.html: {"insertSpaces":true,"tabSize":2}
first-app/src/app/model/ingredient.model.ts: {"insertSpaces":true,"tabSize":2}
first-app/src/app/model/recipe-ingredient.model.ts: {"insertSpaces":true,"tabSize":2}
first-app/src/app/form/form.component.html: {"insertSpaces":true,"tabSize":2}
first-app/src/app/form/form.component.html: Using EditorConfig core...
src/app/form/form.component.html: editor.action.trimTrailingWhitespace
first-app/src/app/form/form.component.html: Using EditorConfig core...
src/app/form/form.component.html: editor.action.trimTrailingWhitespace
first-app/src/app/form/form.component.html: Using EditorConfig core...
src/app/form/form.component.html: editor.action.trimTrailingWhitespace
first-app/src/app/form/form.component.html: Using EditorConfig core...
src/app/form/form.component.html: editor.action.trimTrailingWhitespace
first-app/src/app/form/form.component.html: Using EditorConfig core...
src/app/form/form.component.html: editor.action.trimTrailingWhitespace
first-app/src/app/form/form.component.html: Using EditorConfig core...
src/app/form/form.component.html: editor.action.trimTrailingWhitespace
first-app/src/app/form/form.component.html: Using EditorConfig core...
src/app/form/form.component.html: editor.action.trimTrailingWhitespace
first-app/src/app/form/form.component.html: Using EditorConfig core...
src/app/form/form.component.html: editor.action.trimTrailingWhitespace
first-app/src/app/form/form.component.html: Using EditorConfig core...
src/app/form/form.component.html: editor.action.trimTrailingWhitespace
src/app/form/form.component.html: insertFinalNewline(LF)
first-app/src/app/form/form.component.html: Using EditorConfig core...
src/app/form/form.component.html: editor.action.trimTrailingWhitespace
first-app/src/app/form/form.component.html: Using EditorConfig core...
src/app/form/form.component.html: editor.action.trimTrailingWhitespace
first-app/src/app/form/form.component.ts: {"insertSpaces":true,"tabSize":2}
first-app/src/app/form/form.component.ts: Using EditorConfig core...
src/app/form/form.component.ts: editor.action.trimTrailingWhitespace
first-app/src/app/form/form.component.ts: {"insertSpaces":true,"tabSize":2}
first-app/src/app/form/form.component.ts: Using EditorConfig core...
src/app/form/form.component.ts: editor.action.trimTrailingWhitespace
first-app/src/app/form/form.component.ts: Using EditorConfig core...
src/app/form/form.component.ts: editor.action.trimTrailingWhitespace
first-app/src/app/form/form.component.ts: Using EditorConfig core...
src/app/form/form.component.ts: editor.action.trimTrailingWhitespace
first-app/src/app/form/form.component.ts: Using EditorConfig core...
src/app/form/form.component.ts: editor.action.trimTrailingWhitespace
first-app/src/app/form/form.component.ts: Using EditorConfig core...
src/app/form/form.component.ts: editor.action.trimTrailingWhitespace
first-app/src/app/form/form.component.ts: Using EditorConfig core...
src/app/form/form.component.ts: editor.action.trimTrailingWhitespace
first-app/src/app/form/form.component.ts: Using EditorConfig core...
src/app/form/form.component.ts: editor.action.trimTrailingWhitespace
first-app/src/app/form/form.component.ts: Using EditorConfig core...
src/app/form/form.component.ts: editor.action.trimTrailingWhitespace
first-app/src/app/model/recipe-ingredient.model.ts: {"insertSpaces":true,"tabSize":2}
first-app/src/app/form/form.component.ts: {"insertSpaces":true,"tabSize":2}
first-app/src/app/form/form.component.html: {"insertSpaces":true,"tabSize":2}
first-app/src/app/form/form.component.html: Using EditorConfig core...
src/app/form/form.component.html: editor.action.trimTrailingWhitespace
first-app/src/app/form/form.component.html: Using EditorConfig core...
src/app/form/form.component.html: editor.action.trimTrailingWhitespace
first-app/src/app/form/form.component.html: Using EditorConfig core...
src/app/form/form.component.html: editor.action.trimTrailingWhitespace
first-app/src/app/form/form.component.html: Using EditorConfig core...
src/app/form/form.component.html: editor.action.trimTrailingWhitespace
first-app/src/app/form/form.component.html: Using EditorConfig core...
src/app/form/form.component.html: editor.action.trimTrailingWhitespace
first-app/src/app/form/form.component.html: {"insertSpaces":true,"tabSize":2}
first-app/src/app/form/form.component.html: {"insertSpaces":true,"tabSize":2}
first-app/src/app/form/form.component.html: Using EditorConfig core...
src/app/form/form.component.html: editor.action.trimTrailingWhitespace
first-app/src/app/form/form.component.html: Using EditorConfig core...
src/app/form/form.component.html: editor.action.trimTrailingWhitespace
first-app/src/app/form/form.component.html: Using EditorConfig core...
src/app/form/form.component.html: editor.action.trimTrailingWhitespace
first-app/src/app/form/form.component.html: Using EditorConfig core...
src/app/form/form.component.html: editor.action.trimTrailingWhitespace
first-app/src/app/form/form.component.html: {"insertSpaces":true,"tabSize":2}
first-app/src/app/form/form.component.ts: {"insertSpaces":true,"tabSize":2}
first-app/src/app/form/form.component.ts: Using EditorConfig core...
src/app/form/form.component.ts: editor.action.trimTrailingWhitespace
first-app/src/app/form/form.component.ts: Using EditorConfig core...
src/app/form/form.component.ts: editor.action.trimTrailingWhitespace
first-app/src/app/recipe.service.ts: {"insertSpaces":true,"tabSize":2}
first-app/src/app/recipe.service.ts: Using EditorConfig core...
src/app/recipe.service.ts: editor.action.trimTrailingWhitespace
first-app/src/app/form/form.component.ts: {"insertSpaces":true,"tabSize":2}
first-app/src/app/form/form.component.ts: Using EditorConfig core...
src/app/form/form.component.ts: editor.action.trimTrailingWhitespace
first-app/src/app/form/form.component.ts: Using EditorConfig core...
src/app/form/form.component.ts: editor.action.trimTrailingWhitespace
first-app/src/app/recipe.service.ts: {"insertSpaces":true,"tabSize":2}
first-app/src/app/recipe.service.ts: Using EditorConfig core...
src/app/recipe.service.ts: editor.action.trimTrailingWhitespace
first-app/src/app/recipe.service.ts: Using EditorConfig core...
src/app/recipe.service.ts: editor.action.trimTrailingWhitespace
first-app/src/app/form/form.component.html: {"insertSpaces":true,"tabSize":2}
first-app/src/app/form/form.component.ts: {"insertSpaces":true,"tabSize":2}
first-app/src/app/form/form.component.html: {"insertSpaces":true,"tabSize":2}
first-app/src/app/form/form.component.ts: {"insertSpaces":true,"tabSize":2}
first-app/src/app/form/form.component.ts: {"insertSpaces":true,"tabSize":2}
first-app/src/app/form/form.component.ts: {"insertSpaces":true,"tabSize":2}
first-app/src/app/recipe.service.ts: {"insertSpaces":true,"tabSize":2}
first-app/src/app/form/form.component.html: {"insertSpaces":true,"tabSize":2}
first-app/src/app/recipe.service.ts: {"insertSpaces":true,"tabSize":2}
first-app/src/app/form/form.component.html: {"insertSpaces":true,"tabSize":2}
first-app/src/app/form/form.component.ts: {"insertSpaces":true,"tabSize":2}
first-app/src/app/form/form.component.html: {"insertSpaces":true,"tabSize":2}
first-app/src/app/form/form.component.ts: {"insertSpaces":true,"tabSize":2}
first-app/src/app/model/ingredient.model.ts: {"insertSpaces":true,"tabSize":2}
first-app/src/app/model/recipe-ingredient.model.ts: {"insertSpaces":true,"tabSize":2}
first-app/src/app/model/recipe.model.ts: {"insertSpaces":true,"tabSize":2}
first-app/src/app/model/recipe-ingredient.model.ts: {"insertSpaces":true,"tabSize":2}
first-app/src/app/model/recipe.model.ts: {"insertSpaces":true,"tabSize":2}
first-app/src/app/model/ingredient.model.ts: {"insertSpaces":true,"tabSize":2}
first-app/src/app/form/form.component.html: {"insertSpaces":true,"tabSize":2}
first-app/src/app/form/form.component.ts: {"insertSpaces":true,"tabSize":2}
first-app/src/app/form/form.component.html: {"insertSpaces":true,"tabSize":2}
first-app/src/app/recipe.service.ts: {"insertSpaces":true,"tabSize":2}
first-app/src/app/recipe.service.ts: Using EditorConfig core...
src/app/recipe.service.ts: editor.action.trimTrailingWhitespace
first-app/src/app/recipe.service.ts: Using EditorConfig core...
src/app/recipe.service.ts: editor.action.trimTrailingWhitespace
first-app/src/app/recipe.service.ts: Using EditorConfig core...
src/app/recipe.service.ts: editor.action.trimTrailingWhitespace
first-app/src/app/recipe.service.ts: Using EditorConfig core...
src/app/recipe.service.ts: editor.action.trimTrailingWhitespace
first-app/src/app/recipe.service.ts: {"insertSpaces":true,"tabSize":2}
first-app/src/app/recipe.service.ts: Using EditorConfig core...
src/app/recipe.service.ts: editor.action.trimTrailingWhitespace
first-app/src/app/recipe.service.ts: {"insertSpaces":true,"tabSize":2}
first-app/src/app/recipe.service.ts: Using EditorConfig core...
src/app/recipe.service.ts: editor.action.trimTrailingWhitespace
first-app/src/app/recipe.service.ts: Using EditorConfig core...
src/app/recipe.service.ts: editor.action.trimTrailingWhitespace
first-app/src/app/recipe.service.ts: Using EditorConfig core...
src/app/recipe.service.ts: editor.action.trimTrailingWhitespace
first-app/src/app/recipe.service.ts: {"insertSpaces":true,"tabSize":2}
first-app/src/app/recipe.service.ts: {"insertSpaces":true,"tabSize":2}
first-app/src/app/form/form.component.ts: {"insertSpaces":true,"tabSize":2}
first-app/src/app/recipe.service.ts: {"insertSpaces":true,"tabSize":2}
first-app/src/app/form/form.component.html: {"insertSpaces":true,"tabSize":2}
first-app/src/app/form/form.component.html: {"insertSpaces":true,"tabSize":2}
first-app/src/app/form/form.component.html: {"insertSpaces":true,"tabSize":2}
first-app/src/app/form/form.component.ts: {"insertSpaces":true,"tabSize":2}
first-app/src/app/recipe.service.ts: {"insertSpaces":true,"tabSize":2}
first-app/src/app/recipe.service.ts: Using EditorConfig core...
src/app/recipe.service.ts: editor.action.trimTrailingWhitespace
first-app/src/app/recipe.service.ts: Using EditorConfig core...
src/app/recipe.service.ts: editor.action.trimTrailingWhitespace
first-app/src/app/recipe.service.ts: Using EditorConfig core...
src/app/recipe.service.ts: editor.action.trimTrailingWhitespace
first-app/src/app/recipe.service.ts: Using EditorConfig core...
src/app/recipe.service.ts: editor.action.trimTrailingWhitespace
first-app/src/app/recipe.service.ts: Using EditorConfig core...
src/app/recipe.service.ts: editor.action.trimTrailingWhitespace
first-app/src/app/recipe.service.ts: Using EditorConfig core...
src/app/recipe.service.ts: editor.action.trimTrailingWhitespace
first-app/src/app/recipe.service.ts: Using EditorConfig core...
src/app/recipe.service.ts: editor.action.trimTrailingWhitespace
first-app/src/app/form/form.component.ts: {"insertSpaces":true,"tabSize":2}
first-app/src/app/form/form.component.ts: Using EditorConfig core...
src/app/form/form.component.ts: editor.action.trimTrailingWhitespace
first-app/src/app/form/form.component.ts: Using EditorConfig core...
src/app/form/form.component.ts: editor.action.trimTrailingWhitespace
